<?xml version="1.0" encoding="UTF-8"?>
<!-- Generated by org.testng.reporters.JUnitXMLReporter -->
<testsuite ignored="0" hostname="Deepi" failures="0" tests="5" name="Test1" time="27.446" errors="0" timestamp="2022-05-22T17:37:21 PDT">
  <testcase classname="com.salesforce.automation.SDFCLogin" name="CheckRememberMe" time="12.88"/>
  <testcase classname="com.salesforce.automation.SDFCLogin" name="ForgetPasswordA" time="0.664"/>
  <testcase classname="com.salesforce.automation.SDFCLogin" name="ForgetPasswordB" time="0.332"/>
  <testcase classname="com.salesforce.automation.SDFCLogin" name="LoginErrorMessage" time="0.641"/>
  <testcase classname="com.salesforce.automation.SDFCLogin" name="LoginToSalesForce" time="4.822"/>
</testsuite> <!-- Test1 -->
