<?xml version="1.0" encoding="UTF-8"?>
<!-- Generated by org.testng.reporters.JUnitXMLReporter -->
<testsuite ignored="12" hostname="Deepi" failures="0" tests="38" name="Test" time="657.763" errors="0" timestamp="2022-06-12T01:18:23 PDT">
  <testcase classname="com.salesforce.automation.SDFCLogin" name="CheckRememberMe" time="4.797"/>
  <testcase classname="com.salesforce.automation.SDFCLogin" name="ForgetPasswordA" time="0.714"/>
  <testcase classname="com.salesforce.automation.SDFCLogin" name="ForgetPasswordB" time="0.252"/>
  <testcase classname="com.salesforce.automation.SDFCLogin" name="LoginErrorMessage" time="1.638"/>
  <testcase classname="com.salesforce.automation.SDFCLogin" name="LoginToSalesForce" time="4.093"/>
  <testcase classname="com.salesforce.automation.UserMenuDropDown" name="DevelopersConsole" time="0.133"/>
  <testcase classname="com.salesforce.automation.UserMenuDropDown" name="LogoutUserMenu" time="0.399"/>
  <testcase classname="com.salesforce.automation.UserMenuDropDown" name="MyProfile" time="60.42"/>
  <testcase classname="com.salesforce.automation.UserMenuDropDown" name="MySettings" time="3.91"/>
  <testcase classname="com.salesforce.automation.UserMenuDropDown" name="UserMenu" time="0.0"/>
  <testcase classname="com.salesforce.automation.CreateAccount" name="CreateAccountReport" time="12.552"/>
  <testcase classname="com.salesforce.automation.CreateAccount" name="CreateAnAccount" time="2.403"/>
  <testcase classname="com.salesforce.automation.CreateAccount" name="CreateNewView" time="1.624"/>
  <testcase classname="com.salesforce.automation.CreateAccount" name="EditView" time="2.004"/>
  <testcase classname="com.salesforce.automation.CreateAccount" name="MergeAccounts" time="5.2"/>
  <testcase classname="com.salesforce.automation.CreateOpportunity" name="CreateNewOpportunity" time="1.535"/>
  <testcase classname="com.salesforce.automation.CreateOpportunity" name="TestOpportunityPipelineReport" time="0.584"/>
  <testcase classname="com.salesforce.automation.CreateOpportunity" name="TestQuaterlySummaryReport" time="0.718"/>
  <testcase classname="com.salesforce.automation.CreateOpportunity" name="TestStuckOpportunitiesReport" time="0.751"/>
  <testcase classname="com.salesforce.automation.CreateOpportunity" name="UserMenuDropDown" time="0.17"/>
  <testcase classname="com.salesforce.automation.Leads" name="DefaultView" time="12.254"/>
  <testcase classname="com.salesforce.automation.Leads" name="LeadsSelectView" time="0.174"/>
  <testcase classname="com.salesforce.automation.Leads" name="LeadsTab" time="0.471"/>
  <testcase classname="com.salesforce.automation.Leads" name="NewButton" time="2.308"/>
  <testcase classname="com.salesforce.automation.Leads" name="TodaysLeads" time="0.036"/>
  <testcase classname="com.salesforce.automation.Contacts" name="CheckCancelbutton" time="1.121"/>
  <testcase classname="com.salesforce.automation.Contacts" name="CheckErrorMessage" time="1.33"/>
  <testcase classname="com.salesforce.automation.Contacts" name="CheckRecentlyCreatedContact" time="0.061"/>
  <testcase classname="com.salesforce.automation.Contacts" name="CheckSaveAndNewButton" time="1.061"/>
  <testcase classname="com.salesforce.automation.Contacts" name="CreateNewContact" time="1.177"/>
  <testcase classname="com.salesforce.automation.Contacts" name="CreateNewView" time="1.582"/>
  <testcase classname="com.salesforce.automation.Contacts" name="MyContactsView" time="5.691"/>
  <testcase classname="com.salesforce.automation.Contacts" name="ViewAContact" time="0.03"/>
  <testcase classname="com.salesforce.automation.RandomScenarios" name="BlockingAnEventInCalendar" time="22.073"/>
  <testcase classname="com.salesforce.automation.RandomScenarios" name="VerifyEditedLastName" time="17.106"/>
  <testcase classname="com.salesforce.automation.RandomScenarios" name="VerifyFirstNameAndLastName" time="15.069"/>
  <testcase classname="com.salesforce.automation.RandomScenarios" name="VerifyTabCustomization" time="10.393"/>
  <testcase classname="com.salesforce.automation.RandomScenarios" name="WeeklyReccurance" time="22.824"/>
  <testcase classname="com.salesforce.methods.ForceMethods" name="@AfterTest finalTearDown" time="0.0">
    <ignored/>
  </testcase> <!-- @AfterTest finalTearDown -->
  <testcase classname="com.salesforce.methods.ForceMethods" name="@AfterTest finalTearDown" time="0.0">
    <ignored/>
  </testcase> <!-- @AfterTest finalTearDown -->
  <testcase classname="com.salesforce.methods.ForceMethods" name="@AfterTest finalTearDown" time="0.0">
    <ignored/>
  </testcase> <!-- @AfterTest finalTearDown -->
  <testcase classname="com.salesforce.methods.ForceMethods" name="@AfterTest finalTearDown" time="0.0">
    <ignored/>
  </testcase> <!-- @AfterTest finalTearDown -->
  <testcase classname="com.salesforce.methods.ForceMethods" name="@AfterTest finalTearDown" time="0.0">
    <ignored/>
  </testcase> <!-- @AfterTest finalTearDown -->
  <testcase classname="com.salesforce.methods.ForceMethods" name="@AfterTest finalTearDown" time="0.0">
    <ignored/>
  </testcase> <!-- @AfterTest finalTearDown -->
  <testcase classname="com.salesforce.methods.ForceMethods" name="@BeforeTest initialSetUp" time="0.0">
    <ignored/>
  </testcase> <!-- @BeforeTest initialSetUp -->
  <testcase classname="com.salesforce.methods.ForceMethods" name="@BeforeTest initialSetUp" time="0.0">
    <ignored/>
  </testcase> <!-- @BeforeTest initialSetUp -->
  <testcase classname="com.salesforce.methods.ForceMethods" name="@BeforeTest initialSetUp" time="0.0">
    <ignored/>
  </testcase> <!-- @BeforeTest initialSetUp -->
  <testcase classname="com.salesforce.methods.ForceMethods" name="@BeforeTest initialSetUp" time="0.0">
    <ignored/>
  </testcase> <!-- @BeforeTest initialSetUp -->
  <testcase classname="com.salesforce.methods.ForceMethods" name="@BeforeTest initialSetUp" time="0.0">
    <ignored/>
  </testcase> <!-- @BeforeTest initialSetUp -->
  <testcase classname="com.salesforce.methods.ForceMethods" name="@BeforeTest initialSetUp" time="0.0">
    <ignored/>
  </testcase> <!-- @BeforeTest initialSetUp -->
</testsuite> <!-- Test -->
